<?xml version="1.0" encoding="UTF-8"?>
<!-- Generated by org.testng.reporters.JUnitXMLReporter -->
<testsuite hostname="Yael-PC" ignored="0" name="Test" tests="14" failures="0" timestamp="06 מאי 2018 06:31:10 GMT" time="227.514" errors="0">
  <testcase name="checkNavbar" time="41.386" classname="com.tests.CheckNavberTest"/>
  <testcase name="addItemToCart" time="75.472" classname="com.tests.CartInfoTest"/>
  <testcase name="tryToLogin" time="17.909" classname="com.tests.LoginAndLogOutTest"/>
  <testcase name="checkGoodQuery" time="14.504" classname="com.tests.ShoopingTest"/>
  <testcase name="checkGoodQuery" time="14.031" classname="com.tests.ContactServiceTest"/>
  <testcase name="numberOfItems" time="5.106" classname="com.tests.CartInfoTest"/>
  <testcase name="tryToSignOut" time="14.153" classname="com.tests.LoginAndLogOutTest"/>
  <testcase name="checkWrongQuery" time="13.155" classname="com.tests.ShoopingTest"/>
  <testcase name="checkWrongQuery" time="13.081" classname="com.tests.ContactServiceTest"/>
  <testcase name="tryToLoginError" time="11.754" classname="com.tests.LoginAndLogOutTest"/>
  <testcase name="checkShopByCategory" time="14.535" classname="com.tests.ShoopingTest"/>
  <testcase name="checkSelectTopic" time="11.97" classname="com.tests.ContactServiceTest"/>
  <testcase name="checkMackingContant" time="13.144" classname="com.tests.ContactServiceTest"/>
  <testcase name="checkAdvanceShpping" time="18.921" classname="com.tests.ShoopingTest"/>
</testsuite> <!-- Test -->
