<?xml version="1.0" encoding="UTF-8"?>
<testsuite xmlns:xsi="http://www.w3.org/2001/XMLSchema-instance" xsi:noNamespaceSchemaLocation="https://maven.apache.org/surefire/maven-surefire-plugin/xsd/surefire-test-report.xsd" name="TestSuite" time="229.857" tests="14" errors="0" skipped="0" failures="0">
  <properties>
[...]
</properties>
  <testcase name="checkNavbar" classname="com.tests.CheckNavberTest" time="41.389"/>
  <testcase name="addItemToCart" classname="com.tests.CartInfoTest" time="13.707"/>
  <testcase name="tryToLogin" classname="com.tests.LoginAndLogOutTest" time="17.907"/>
  <testcase name="checkGoodQuery" classname="com.tests.ShoopingTest" time="13.293"/>
  <testcase name="checkGoodQuery" classname="com.tests.ContactServiceTest" time="14.03"/>
  <testcase name="numberOfItems" classname="com.tests.CartInfoTest" time="5.106"/>
  <testcase name="tryToSignOut" classname="com.tests.LoginAndLogOutTest" time="6.796"/>
  <testcase name="checkWrongQuery" classname="com.tests.ShoopingTest" time="6.356"/>
  <testcase name="checkWrongQuery" classname="com.tests.ContactServiceTest" time="13.083"/>
  <testcase name="tryToLoginError" classname="com.tests.LoginAndLogOutTest" time="11.753"/>
  <testcase name="checkShopByCategory" classname="com.tests.ShoopingTest" time="0.421"/>
  <testcase name="checkSelectTopic" classname="com.tests.ContactServiceTest" time="11.97"/>
  <testcase name="checkMackingContant" classname="com.tests.ContactServiceTest" time="13.144"/>
  <testcase name="checkAdvanceShpping" classname="com.tests.ShoopingTest" time="18.921"/>
</testsuite>