<?xml version="1.0" encoding="UTF-8"?>
<testng-results skipped="0" failed="0" ignored="0" total="14" passed="14">
  <reporter-output>
  </reporter-output>
  <suite name="Suite" duration-ms="227514" started-at="2018-05-06T06:27:22Z" finished-at="2018-05-06T06:31:09Z">
    <groups>
    </groups>
    <test name="Test" duration-ms="227514" started-at="2018-05-06T06:27:22Z" finished-at="2018-05-06T06:31:09Z">
      <class name="com.tests.ContactServiceTest">
        <test-method status="PASS" signature="beforeClass()[pri:0, instance:com.tests.ContactServiceTest@6df97b55]" name="beforeClass" is-config="true" duration-ms="30574" started-at="2018-05-06T06:29:10Z" finished-at="2018-05-06T06:29:41Z">
          <reporter-output>
          </reporter-output>
        </test-method> <!-- beforeClass -->
        <test-method status="PASS" signature="checkGoodQuery()[pri:0, instance:com.tests.ContactServiceTest@6df97b55]" name="checkGoodQuery" duration-ms="14031" started-at="2018-05-06T06:29:41Z" finished-at="2018-05-06T06:29:55Z">
          <reporter-output>
          </reporter-output>
        </test-method> <!-- checkGoodQuery -->
        <test-method status="PASS" signature="checkWrongQuery()[pri:1, instance:com.tests.ContactServiceTest@6df97b55]" name="checkWrongQuery" duration-ms="13081" started-at="2018-05-06T06:30:09Z" finished-at="2018-05-06T06:30:22Z">
          <reporter-output>
          </reporter-output>
        </test-method> <!-- checkWrongQuery -->
        <test-method status="PASS" signature="checkSelectTopic()[pri:2, instance:com.tests.ContactServiceTest@6df97b55]" name="checkSelectTopic" duration-ms="11970" started-at="2018-05-06T06:30:36Z" finished-at="2018-05-06T06:30:48Z">
          <reporter-output>
          </reporter-output>
        </test-method> <!-- checkSelectTopic -->
        <test-method status="PASS" signature="checkMackingContant()[pri:3, instance:com.tests.ContactServiceTest@6df97b55]" name="checkMackingContant" duration-ms="13144" started-at="2018-05-06T06:30:48Z" finished-at="2018-05-06T06:31:02Z">
          <reporter-output>
          </reporter-output>
        </test-method> <!-- checkMackingContant -->
        <test-method status="PASS" signature="afterClass()[pri:0, instance:com.tests.ContactServiceTest@6df97b55]" name="afterClass" is-config="true" duration-ms="388" started-at="2018-05-06T06:31:02Z" finished-at="2018-05-06T06:31:02Z">
          <reporter-output>
          </reporter-output>
        </test-method> <!-- afterClass -->
      </class> <!-- com.tests.ContactServiceTest -->
      <class name="com.tests.LoginAndLogOutTest">
        <test-method status="PASS" signature="beforeTest()[pri:0, instance:com.tests.LoginAndLogOutTest@34b7bfc0]" name="beforeTest" is-config="true" duration-ms="5088" started-at="2018-05-06T06:28:47Z" finished-at="2018-05-06T06:28:53Z">
          <reporter-output>
          </reporter-output>
        </test-method> <!-- beforeTest -->
        <test-method status="PASS" signature="tryToLogin()[pri:0, instance:com.tests.LoginAndLogOutTest@34b7bfc0]" name="tryToLogin" duration-ms="17909" started-at="2018-05-06T06:28:53Z" finished-at="2018-05-06T06:29:10Z">
          <reporter-output>
          </reporter-output>
        </test-method> <!-- tryToLogin -->
        <test-method status="PASS" signature="tryToSignOut()[pri:1, instance:com.tests.LoginAndLogOutTest@34b7bfc0]" name="tryToSignOut" duration-ms="14153" started-at="2018-05-06T06:29:55Z" finished-at="2018-05-06T06:30:09Z">
          <reporter-output>
          </reporter-output>
        </test-method> <!-- tryToSignOut -->
        <test-method status="PASS" signature="tryToLoginError()[pri:2, instance:com.tests.LoginAndLogOutTest@34b7bfc0]" name="tryToLoginError" duration-ms="11754" started-at="2018-05-06T06:30:22Z" finished-at="2018-05-06T06:30:34Z">
          <reporter-output>
          </reporter-output>
        </test-method> <!-- tryToLoginError -->
        <test-method status="PASS" signature="afterClass()[pri:0, instance:com.tests.LoginAndLogOutTest@34b7bfc0]" name="afterClass" is-config="true" duration-ms="2357" started-at="2018-05-06T06:30:34Z" finished-at="2018-05-06T06:30:36Z">
          <reporter-output>
          </reporter-output>
        </test-method> <!-- afterClass -->
      </class> <!-- com.tests.LoginAndLogOutTest -->
      <class name="com.tests.CartInfoTest">
        <test-method status="PASS" signature="beforeSuite()[pri:0, instance:com.tests.CartInfoTest@6537cf78]" name="beforeSuite" is-config="true" duration-ms="844" started-at="2018-05-06T06:27:21Z" finished-at="2018-05-06T06:27:22Z">
          <reporter-output>
          </reporter-output>
        </test-method> <!-- beforeSuite -->
        <test-method status="PASS" signature="beforeClass()[pri:0, instance:com.tests.CartInfoTest@6537cf78]" name="beforeClass" is-config="true" duration-ms="28870" started-at="2018-05-06T06:27:22Z" finished-at="2018-05-06T06:27:51Z">
          <reporter-output>
          </reporter-output>
        </test-method> <!-- beforeClass -->
        <test-method status="PASS" signature="addItemToCart()[pri:0, instance:com.tests.CartInfoTest@6537cf78]" name="addItemToCart" duration-ms="75472" started-at="2018-05-06T06:27:51Z" finished-at="2018-05-06T06:29:06Z">
          <reporter-output>
          </reporter-output>
        </test-method> <!-- addItemToCart -->
        <test-method status="PASS" signature="numberOfItems()[pri:1, instance:com.tests.CartInfoTest@6537cf78]" name="numberOfItems" duration-ms="5106" started-at="2018-05-06T06:29:55Z" finished-at="2018-05-06T06:30:00Z">
          <reporter-output>
          </reporter-output>
        </test-method> <!-- numberOfItems -->
        <test-method status="PASS" signature="afterClass()[pri:0, instance:com.tests.CartInfoTest@6537cf78]" name="afterClass" is-config="true" duration-ms="2249" started-at="2018-05-06T06:30:00Z" finished-at="2018-05-06T06:30:02Z">
          <reporter-output>
          </reporter-output>
        </test-method> <!-- afterClass -->
      </class> <!-- com.tests.CartInfoTest -->
      <class name="com.tests.CheckNavberTest">
        <test-method status="PASS" signature="beforeTest()[pri:0, instance:com.tests.CheckNavberTest@67b6d4ae]" name="beforeTest" is-config="true" duration-ms="41783" started-at="2018-05-06T06:27:22Z" finished-at="2018-05-06T06:28:04Z">
          <reporter-output>
          </reporter-output>
        </test-method> <!-- beforeTest -->
        <test-method status="PASS" signature="checkNavbar()[pri:0, instance:com.tests.CheckNavberTest@67b6d4ae]" name="checkNavbar" duration-ms="41386" started-at="2018-05-06T06:28:04Z" finished-at="2018-05-06T06:28:45Z">
          <reporter-output>
          </reporter-output>
        </test-method> <!-- checkNavbar -->
        <test-method status="PASS" signature="afterClass()[pri:0, instance:com.tests.CheckNavberTest@67b6d4ae]" name="afterClass" is-config="true" duration-ms="2386" started-at="2018-05-06T06:28:45Z" finished-at="2018-05-06T06:28:47Z">
          <reporter-output>
          </reporter-output>
        </test-method> <!-- afterClass -->
      </class> <!-- com.tests.CheckNavberTest -->
      <class name="com.tests.ShoopingTest">
        <test-method status="PASS" signature="beforeClass()[pri:0, instance:com.tests.ShoopingTest@366e2eef]" name="beforeClass" is-config="true" duration-ms="33565" started-at="2018-05-06T06:29:06Z" finished-at="2018-05-06T06:29:40Z">
          <reporter-output>
          </reporter-output>
        </test-method> <!-- beforeClass -->
        <test-method status="PASS" signature="checkGoodQuery()[pri:0, instance:com.tests.ShoopingTest@366e2eef]" name="checkGoodQuery" duration-ms="14504" started-at="2018-05-06T06:29:40Z" finished-at="2018-05-06T06:29:54Z">
          <reporter-output>
          </reporter-output>
        </test-method> <!-- checkGoodQuery -->
        <test-method status="PASS" signature="checkWrongQuery()[pri:1, instance:com.tests.ShoopingTest@366e2eef]" name="checkWrongQuery" duration-ms="13155" started-at="2018-05-06T06:30:02Z" finished-at="2018-05-06T06:30:16Z">
          <reporter-output>
          </reporter-output>
        </test-method> <!-- checkWrongQuery -->
        <test-method status="PASS" signature="checkShopByCategory()[pri:2, instance:com.tests.ShoopingTest@366e2eef]" name="checkShopByCategory" duration-ms="14535" started-at="2018-05-06T06:30:22Z" finished-at="2018-05-06T06:30:37Z">
          <reporter-output>
          </reporter-output>
        </test-method> <!-- checkShopByCategory -->
        <test-method status="PASS" signature="checkAdvanceShpping()[pri:3, instance:com.tests.ShoopingTest@366e2eef]" name="checkAdvanceShpping" duration-ms="18921" started-at="2018-05-06T06:30:48Z" finished-at="2018-05-06T06:31:07Z">
          <reporter-output>
          </reporter-output>
        </test-method> <!-- checkAdvanceShpping -->
        <test-method status="PASS" signature="afterClass()[pri:0, instance:com.tests.ShoopingTest@366e2eef]" name="afterClass" is-config="true" duration-ms="2095" started-at="2018-05-06T06:31:07Z" finished-at="2018-05-06T06:31:09Z">
          <reporter-output>
          </reporter-output>
        </test-method> <!-- afterClass -->
      </class> <!-- com.tests.ShoopingTest -->
    </test> <!-- Test -->
  </suite> <!-- Suite -->
</testng-results>
