<?xml version="1.0" encoding="UTF-8"?>
<!-- Generated by org.testng.reporters.JUnitXMLReporter -->
<testsuite hostname="Yael-PC" ignored="0" name="Test" tests="15" failures="0" timestamp="09 מאי 2018 07:12:43 GMT" time="271.565" errors="0">
  <testcase name="checkNavbar" time="46.104" classname="com.tests.CheckNavberTest"/>
  <testcase name="addItemToCart" time="69.426" classname="com.tests.CartInfoTest"/>
  <testcase name="tryToLogin" time="12.186" classname="com.tests.LoginAndLogOutTest"/>
  <testcase name="removeItemFromCart" time="28.707" classname="com.tests.CartInfoTest"/>
  <testcase name="checkGoodQuery" time="18.661" classname="com.tests.ShoopingTest"/>
  <testcase name="checkGoodQuery" time="18.618" classname="com.tests.ContactServiceTest"/>
  <testcase name="numberOfItems" time="5.071" classname="com.tests.CartInfoTest"/>
  <testcase name="tryToSignOut" time="24.954" classname="com.tests.LoginAndLogOutTest"/>
  <testcase name="checkWrongQuery" time="17.627" classname="com.tests.ShoopingTest"/>
  <testcase name="checkWrongQuery" time="18.237" classname="com.tests.ContactServiceTest"/>
  <testcase name="tryToLoginError" time="18.984" classname="com.tests.LoginAndLogOutTest"/>
  <testcase name="checkShopByCategory" time="24.381" classname="com.tests.ShoopingTest"/>
  <testcase name="checkSelectTopic" time="11.265" classname="com.tests.ContactServiceTest"/>
  <testcase name="checkMackingContant" time="13.417" classname="com.tests.ContactServiceTest"/>
  <testcase name="checkAdvanceShpping" time="16.305" classname="com.tests.ShoopingTest"/>
</testsuite> <!-- Test -->
